2026-03-23 11:10:32,372 INFO: nestra startup [in /home/ashton/nestra/app/__init__.py:43]
2026-03-23 11:10:37,871 ERROR: Exception on /user/ashton [GET] [in /home/ashton/nestra/venv/lib/python3.14/site-packages/flask/app.py:875]
Traceback (most recent call last):
  File "/home/ashton/nestra/venv/lib/python3.14/site-packages/flask/app.py", line 1511, in wsgi_app
    response = self.full_dispatch_request()
  File "/home/ashton/nestra/venv/lib/python3.14/site-packages/flask/app.py", line 919, in full_dispatch_request
    rv = self.handle_user_exception(e)
  File "/home/ashton/nestra/venv/lib/python3.14/site-packages/flask/app.py", line 917, in full_dispatch_request
    rv = self.dispatch_request()
  File "/home/ashton/nestra/venv/lib/python3.14/site-packages/flask/app.py", line 902, in dispatch_request
    return self.ensure_sync(self.view_functions[rule.endpoint])(**view_args)  # type: ignore[no-any-return]
           ~~~~~~~~~~~~~~~~~~~~~~~~~~~~~~~~~~~~~~~~~~~~~~~~~~~~^^^^^^^^^^^^^
  File "/home/ashton/nestra/venv/lib/python3.14/site-packages/flask_login/utils.py", line 290, in decorated_view
    return current_app.ensure_sync(func)(*args, **kwargs)
           ~~~~~~~~~~~~~~~~~~~~~~~~~~~~~^^^^^^^^^^^^^^^^^
  File "/home/ashton/nestra/app/routes.py", line 84, in user
    return render_template('user.html', user=user, posts=posts, form=form)
  File "/home/ashton/nestra/venv/lib/python3.14/site-packages/flask/templating.py", line 151, in render_template
    return _render(app, template, context)
  File "/home/ashton/nestra/venv/lib/python3.14/site-packages/flask/templating.py", line 132, in _render
    rv = template.render(context)
  File "/home/ashton/nestra/venv/lib/python3.14/site-packages/jinja2/environment.py", line 1295, in render
    self.environment.handle_exception()
    ~~~~~~~~~~~~~~~~~~~~~~~~~~~~~~~~~^^
  File "/home/ashton/nestra/venv/lib/python3.14/site-packages/jinja2/environment.py", line 942, in handle_exception
    raise rewrite_traceback_stack(source=source)
  File "/home/ashton/nestra/app/templates/user.html", line 1, in top-level template code
    {% extends "base.html" %}
  File "/home/ashton/nestra/app/templates/base.html", line 32, in top-level template code
    {% block content %}{% endblock %}
    ^^^^^^^^^^^^^^^^^
  File "/home/ashton/nestra/app/templates/user.html", line 34, in block 'content'
    {% include '_post.html' %}
    ^^^^^^^^^^^^^^^^^
  File "/home/ashton/nestra/app/templates/_post.html", line 5, in top-level template code
    <a href="{{ url_for('user', username.author.username) }}">
    ^^^^^^^^^
  File "/home/ashton/nestra/venv/lib/python3.14/site-packages/jinja2/environment.py", line 490, in getattr
    return getattr(obj, attribute)
jinja2.exceptions.UndefinedError: 'username' is undefined
2026-03-23 11:10:39,796 ERROR: Exception on /user/ashton [GET] [in /home/ashton/nestra/venv/lib/python3.14/site-packages/flask/app.py:875]
Traceback (most recent call last):
  File "/home/ashton/nestra/venv/lib/python3.14/site-packages/flask/app.py", line 1511, in wsgi_app
    response = self.full_dispatch_request()
  File "/home/ashton/nestra/venv/lib/python3.14/site-packages/flask/app.py", line 919, in full_dispatch_request
    rv = self.handle_user_exception(e)
  File "/home/ashton/nestra/venv/lib/python3.14/site-packages/flask/app.py", line 917, in full_dispatch_request
    rv = self.dispatch_request()
  File "/home/ashton/nestra/venv/lib/python3.14/site-packages/flask/app.py", line 902, in dispatch_request
    return self.ensure_sync(self.view_functions[rule.endpoint])(**view_args)  # type: ignore[no-any-return]
           ~~~~~~~~~~~~~~~~~~~~~~~~~~~~~~~~~~~~~~~~~~~~~~~~~~~~^^^^^^^^^^^^^
  File "/home/ashton/nestra/venv/lib/python3.14/site-packages/flask_login/utils.py", line 290, in decorated_view
    return current_app.ensure_sync(func)(*args, **kwargs)
           ~~~~~~~~~~~~~~~~~~~~~~~~~~~~~^^^^^^^^^^^^^^^^^
  File "/home/ashton/nestra/app/routes.py", line 84, in user
    return render_template('user.html', user=user, posts=posts, form=form)
  File "/home/ashton/nestra/venv/lib/python3.14/site-packages/flask/templating.py", line 151, in render_template
    return _render(app, template, context)
  File "/home/ashton/nestra/venv/lib/python3.14/site-packages/flask/templating.py", line 132, in _render
    rv = template.render(context)
  File "/home/ashton/nestra/venv/lib/python3.14/site-packages/jinja2/environment.py", line 1295, in render
    self.environment.handle_exception()
    ~~~~~~~~~~~~~~~~~~~~~~~~~~~~~~~~~^^
  File "/home/ashton/nestra/venv/lib/python3.14/site-packages/jinja2/environment.py", line 942, in handle_exception
    raise rewrite_traceback_stack(source=source)
  File "/home/ashton/nestra/app/templates/user.html", line 1, in top-level template code
    {% extends "base.html" %}
  File "/home/ashton/nestra/app/templates/base.html", line 32, in top-level template code
    {% block content %}{% endblock %}
    ^^^^^^^^^^^^^^^^^
  File "/home/ashton/nestra/app/templates/user.html", line 34, in block 'content'
    {% include '_post.html' %}
    ^^^^^^^^^^^^^^^^^
  File "/home/ashton/nestra/app/templates/_post.html", line 5, in top-level template code
    <a href="{{ url_for('user', username.author.username) }}">
    ^^^^^^^^^
  File "/home/ashton/nestra/venv/lib/python3.14/site-packages/jinja2/environment.py", line 490, in getattr
    return getattr(obj, attribute)
jinja2.exceptions.UndefinedError: 'username' is undefined
2026-03-23 11:13:13,237 INFO: nestra startup [in /home/ashton/nestra/app/__init__.py:43]
2026-03-23 11:15:38,671 INFO: nestra startup [in /home/ashton/nestra/app/__init__.py:43]
2026-03-23 11:16:02,203 INFO: nestra startup [in /home/ashton/nestra/app/__init__.py:43]
2026-03-23 11:22:31,342 INFO: nestra startup [in /home/ashton/nestra/app/__init__.py:43]
